0 info it worked if it ends with ok
1 verbose cli [ '/usr/local/Cellar/node/6.5.0/bin/node',
1 verbose cli   '/usr/local/bin/npm',
1 verbose cli   'install',
1 verbose cli   'canvas',
1 verbose cli   '--save' ]
2 info using npm@3.10.3
3 info using node@v6.5.0
4 silly loadCurrentTree Starting
5 silly install loadCurrentTree
6 silly install readLocalPackageData
7 silly fetchPackageMetaData canvas
8 silly fetchNamedPackageData canvas
9 silly mapToRegistry name canvas
10 silly mapToRegistry using default registry
11 silly mapToRegistry registry https://registry.npmjs.org/
12 silly mapToRegistry data Result {
12 silly mapToRegistry   raw: 'canvas',
12 silly mapToRegistry   scope: null,
12 silly mapToRegistry   escapedName: 'canvas',
12 silly mapToRegistry   name: 'canvas',
12 silly mapToRegistry   rawSpec: '',
12 silly mapToRegistry   spec: 'latest',
12 silly mapToRegistry   type: 'tag' }
13 silly mapToRegistry uri https://registry.npmjs.org/canvas
14 verbose request uri https://registry.npmjs.org/canvas
15 verbose request no auth needed
16 info attempt registry request try #1 at 8:43:20 PM
17 verbose request id 90e934f9f240a946
18 verbose etag W/"5890048e-1e4c3"
19 verbose lastModified Tue, 31 Jan 2017 03:29:18 GMT
20 http request GET https://registry.npmjs.org/canvas
21 http 304 https://registry.npmjs.org/canvas
22 verbose headers { date: 'Tue, 14 Feb 2017 01:43:21 GMT',
22 verbose headers   via: '1.1 varnish',
22 verbose headers   'cache-control': 'max-age=300',
22 verbose headers   etag: 'W/"5890048e-1e4c3"',
22 verbose headers   age: '0',
22 verbose headers   connection: 'keep-alive',
22 verbose headers   'x-served-by': 'cache-mia1321-MIA',
22 verbose headers   'x-cache': 'MISS',
22 verbose headers   'x-cache-hits': '0',
22 verbose headers   'x-timer': 'S1487036601.023457,VS0,VE166',
22 verbose headers   vary: 'Accept-Encoding' }
23 silly get cb [ 304,
23 silly get   { date: 'Tue, 14 Feb 2017 01:43:21 GMT',
23 silly get     via: '1.1 varnish',
23 silly get     'cache-control': 'max-age=300',
23 silly get     etag: 'W/"5890048e-1e4c3"',
23 silly get     age: '0',
23 silly get     connection: 'keep-alive',
23 silly get     'x-served-by': 'cache-mia1321-MIA',
23 silly get     'x-cache': 'MISS',
23 silly get     'x-cache-hits': '0',
23 silly get     'x-timer': 'S1487036601.023457,VS0,VE166',
23 silly get     vary: 'Accept-Encoding' } ]
24 verbose etag https://registry.npmjs.org/canvas from cache
25 verbose get saving canvas to /Users/Shivam/.npm/registry.npmjs.org/canvas/.cache.json
26 verbose correctMkdir /Users/Shivam/.npm correctMkdir not in flight; initializing
27 silly install normalizeTree
28 silly loadCurrentTree Finishing
29 silly loadIdealTree Starting
30 silly install loadIdealTree
31 silly cloneCurrentTree Starting
32 silly install cloneCurrentTreeToIdealTree
33 silly cloneCurrentTree Finishing
34 silly loadShrinkwrap Starting
35 silly install loadShrinkwrap
36 silly loadShrinkwrap Finishing
37 silly loadAllDepsIntoIdealTree Starting
38 silly install loadAllDepsIntoIdealTree
39 silly resolveWithNewModule canvas@1.6.2 checking installable status
40 silly cache add args [ 'canvas', null ]
41 verbose cache add spec canvas
42 silly cache add parsed spec Result {
42 silly cache add   raw: 'canvas',
42 silly cache add   scope: null,
42 silly cache add   escapedName: 'canvas',
42 silly cache add   name: 'canvas',
42 silly cache add   rawSpec: '',
42 silly cache add   spec: 'latest',
42 silly cache add   type: 'tag' }
43 silly addNamed canvas@latest
44 verbose addNamed "latest" is being treated as a dist-tag for canvas
45 info addNameTag [ 'canvas', 'latest' ]
46 silly mapToRegistry name canvas
47 silly mapToRegistry using default registry
48 silly mapToRegistry registry https://registry.npmjs.org/
49 silly mapToRegistry data Result {
49 silly mapToRegistry   raw: 'canvas',
49 silly mapToRegistry   scope: null,
49 silly mapToRegistry   escapedName: 'canvas',
49 silly mapToRegistry   name: 'canvas',
49 silly mapToRegistry   rawSpec: '',
49 silly mapToRegistry   spec: 'latest',
49 silly mapToRegistry   type: 'tag' }
50 silly mapToRegistry uri https://registry.npmjs.org/canvas
51 verbose addNameTag registry:https://registry.npmjs.org/canvas not in flight; fetching
52 verbose get https://registry.npmjs.org/canvas not expired, no request
53 silly addNameTag next cb for canvas with tag latest
54 silly addNamed canvas@1.6.2
55 verbose addNamed "1.6.2" is a plain semver version for canvas
56 silly cache afterAdd canvas@1.6.2
57 verbose afterAdd /Users/Shivam/.npm/canvas/1.6.2/package/package.json not in flight; writing
58 verbose correctMkdir /Users/Shivam/.npm correctMkdir not in flight; initializing
59 verbose afterAdd /Users/Shivam/.npm/canvas/1.6.2/package/package.json written
60 silly fetchNamedPackageData nan
61 silly mapToRegistry name nan
62 silly mapToRegistry using default registry
63 silly mapToRegistry registry https://registry.npmjs.org/
64 silly mapToRegistry data Result {
64 silly mapToRegistry   raw: 'nan',
64 silly mapToRegistry   scope: null,
64 silly mapToRegistry   escapedName: 'nan',
64 silly mapToRegistry   name: 'nan',
64 silly mapToRegistry   rawSpec: '',
64 silly mapToRegistry   spec: 'latest',
64 silly mapToRegistry   type: 'tag' }
65 silly mapToRegistry uri https://registry.npmjs.org/nan
66 verbose request uri https://registry.npmjs.org/nan
67 verbose request no auth needed
68 info attempt registry request try #1 at 8:43:21 PM
69 verbose etag W/"588531dd-1df56"
70 verbose lastModified Sun, 22 Jan 2017 22:27:41 GMT
71 http request GET https://registry.npmjs.org/nan
72 http 304 https://registry.npmjs.org/nan
73 verbose headers { date: 'Tue, 14 Feb 2017 01:43:21 GMT',
73 verbose headers   via: '1.1 varnish',
73 verbose headers   'cache-control': 'max-age=300',
73 verbose headers   etag: 'W/"588531dd-1df56"',
73 verbose headers   age: '293',
73 verbose headers   connection: 'keep-alive',
73 verbose headers   'x-served-by': 'cache-mia1321-MIA',
73 verbose headers   'x-cache': 'HIT',
73 verbose headers   'x-cache-hits': '4',
73 verbose headers   'x-timer': 'S1487036601.877186,VS0,VE0',
73 verbose headers   vary: 'Accept-Encoding' }
74 silly get cb [ 304,
74 silly get   { date: 'Tue, 14 Feb 2017 01:43:21 GMT',
74 silly get     via: '1.1 varnish',
74 silly get     'cache-control': 'max-age=300',
74 silly get     etag: 'W/"588531dd-1df56"',
74 silly get     age: '293',
74 silly get     connection: 'keep-alive',
74 silly get     'x-served-by': 'cache-mia1321-MIA',
74 silly get     'x-cache': 'HIT',
74 silly get     'x-cache-hits': '4',
74 silly get     'x-timer': 'S1487036601.877186,VS0,VE0',
74 silly get     vary: 'Accept-Encoding' } ]
75 verbose etag https://registry.npmjs.org/nan from cache
76 verbose get saving nan to /Users/Shivam/.npm/registry.npmjs.org/nan/.cache.json
77 verbose correctMkdir /Users/Shivam/.npm correctMkdir not in flight; initializing
78 silly resolveWithNewModule nan@2.5.1 checking installable status
79 silly cache add args [ 'nan@^2.4.0', null ]
80 verbose cache add spec nan@^2.4.0
81 silly cache add parsed spec Result {
81 silly cache add   raw: 'nan@^2.4.0',
81 silly cache add   scope: null,
81 silly cache add   escapedName: 'nan',
81 silly cache add   name: 'nan',
81 silly cache add   rawSpec: '^2.4.0',
81 silly cache add   spec: '>=2.4.0 <3.0.0',
81 silly cache add   type: 'range' }
82 silly addNamed nan@>=2.4.0 <3.0.0
83 verbose addNamed ">=2.4.0 <3.0.0" is a valid semver range for nan
84 silly addNameRange { name: 'nan', range: '>=2.4.0 <3.0.0', hasData: false }
85 silly mapToRegistry name nan
86 silly mapToRegistry using default registry
87 silly mapToRegistry registry https://registry.npmjs.org/
88 silly mapToRegistry data Result {
88 silly mapToRegistry   raw: 'nan',
88 silly mapToRegistry   scope: null,
88 silly mapToRegistry   escapedName: 'nan',
88 silly mapToRegistry   name: 'nan',
88 silly mapToRegistry   rawSpec: '',
88 silly mapToRegistry   spec: 'latest',
88 silly mapToRegistry   type: 'tag' }
89 silly mapToRegistry uri https://registry.npmjs.org/nan
90 verbose addNameRange registry:https://registry.npmjs.org/nan not in flight; fetching
91 verbose get https://registry.npmjs.org/nan not expired, no request
92 silly addNameRange number 2 { name: 'nan', range: '>=2.4.0 <3.0.0', hasData: true }
93 silly addNameRange versions [ 'nan',
93 silly addNameRange   [ '0.3.0-wip',
93 silly addNameRange     '0.3.0-wip2',
93 silly addNameRange     '0.3.0',
93 silly addNameRange     '0.3.1',
93 silly addNameRange     '0.3.2',
93 silly addNameRange     '0.4.0',
93 silly addNameRange     '0.4.1',
93 silly addNameRange     '0.4.2',
93 silly addNameRange     '0.4.3',
93 silly addNameRange     '0.4.4',
93 silly addNameRange     '0.5.0',
93 silly addNameRange     '0.5.1',
93 silly addNameRange     '0.5.2',
93 silly addNameRange     '0.6.0',
93 silly addNameRange     '0.7.0',
93 silly addNameRange     '0.7.1',
93 silly addNameRange     '0.8.0',
93 silly addNameRange     '1.0.0',
93 silly addNameRange     '1.1.0',
93 silly addNameRange     '1.1.1',
93 silly addNameRange     '1.1.2',
93 silly addNameRange     '1.2.0',
93 silly addNameRange     '1.3.0',
93 silly addNameRange     '1.4.0',
93 silly addNameRange     '1.4.1',
93 silly addNameRange     '1.5.0',
93 silly addNameRange     '1.4.2',
93 silly addNameRange     '1.4.3',
93 silly addNameRange     '1.5.1',
93 silly addNameRange     '1.5.2',
93 silly addNameRange     '1.6.0',
93 silly addNameRange     '1.5.3',
93 silly addNameRange     '1.6.1',
93 silly addNameRange     '1.6.2',
93 silly addNameRange     '1.7.0',
93 silly addNameRange     '1.8.0',
93 silly addNameRange     '1.8.1',
93 silly addNameRange     '1.8.2',
93 silly addNameRange     '1.8.3',
93 silly addNameRange     '1.8.4',
93 silly addNameRange     '1.9.0',
93 silly addNameRange     '2.0.0',
93 silly addNameRange     '2.0.1',
93 silly addNameRange     '2.0.2',
93 silly addNameRange     '2.0.3',
93 silly addNameRange     '2.0.4',
93 silly addNameRange     '2.0.5',
93 silly addNameRange     '2.0.6',
93 silly addNameRange     '2.0.7',
93 silly addNameRange     '2.0.8',
93 silly addNameRange     '2.0.9',
93 silly addNameRange     '2.1.0',
93 silly addNameRange     '2.2.0',
93 silly addNameRange     '2.2.1',
93 silly addNameRange     '2.3.0',
93 silly addNameRange     '2.3.1',
93 silly addNameRange     '2.3.2',
93 silly addNameRange     '2.3.3',
93 silly addNameRange     '2.3.4',
93 silly addNameRange     '2.3.5',
93 silly addNameRange     '2.4.0',
93 silly addNameRange     '2.5.0',
93 silly addNameRange     '2.5.1' ] ]
94 silly addNamed nan@2.5.1
95 verbose addNamed "2.5.1" is a plain semver version for nan
96 silly cache afterAdd nan@2.5.1
97 verbose afterAdd /Users/Shivam/.npm/nan/2.5.1/package/package.json not in flight; writing
98 verbose correctMkdir /Users/Shivam/.npm correctMkdir not in flight; initializing
99 verbose afterAdd /Users/Shivam/.npm/nan/2.5.1/package/package.json written
100 silly loadAllDepsIntoIdealTree Finishing
101 silly loadIdealTree Finishing
102 silly currentTree bandwagoner@1.0.0
102 silly currentTree ├── accepts@1.3.3
102 silly currentTree ├── array-flatten@1.1.1
102 silly currentTree ├── bluebird@3.4.7
102 silly currentTree ├── body-parser@1.16.1
102 silly currentTree ├── bytes@2.4.0
102 silly currentTree ├── content-disposition@0.5.2
102 silly currentTree ├── content-type@1.0.2
102 silly currentTree ├── cookie-signature@1.0.6
102 silly currentTree ├── cookie@0.3.1
102 silly currentTree ├── cross-env@3.1.4
102 silly currentTree ├── cross-spawn@3.0.1
102 silly currentTree ├── debug@2.6.1
102 silly currentTree ├── depd@1.1.0
102 silly currentTree ├── destroy@1.0.4
102 silly currentTree ├── dottie@1.1.1
102 silly currentTree ├── ee-first@1.1.1
102 silly currentTree ├── encodeurl@1.0.1
102 silly currentTree ├── escape-html@1.0.3
102 silly currentTree ├── etag@1.7.0
102 silly currentTree ├─┬ express@4.14.1
102 silly currentTree │ ├── debug@2.2.0
102 silly currentTree │ ├── ms@0.7.1
102 silly currentTree │ └── qs@6.2.0
102 silly currentTree ├─┬ finalhandler@0.5.1
102 silly currentTree │ ├── debug@2.2.0
102 silly currentTree │ └── ms@0.7.1
102 silly currentTree ├── forwarded@0.1.0
102 silly currentTree ├── fresh@0.3.0
102 silly currentTree ├── generic-pool@2.4.2
102 silly currentTree ├── http-errors@1.5.1
102 silly currentTree ├── iconv-lite@0.4.15
102 silly currentTree ├── inflection@1.12.0
102 silly currentTree ├── inherits@2.0.3
102 silly currentTree ├── ipaddr.js@1.2.0
102 silly currentTree ├── isexe@1.1.2
102 silly currentTree ├── lodash@4.12.0
102 silly currentTree ├── lru-cache@4.0.2
102 silly currentTree ├── media-typer@0.3.0
102 silly currentTree ├── merge-descriptors@1.0.1
102 silly currentTree ├─┬ method-override@2.3.7
102 silly currentTree │ └── debug@2.3.3
102 silly currentTree ├── methods@1.1.2
102 silly currentTree ├── mime-db@1.26.0
102 silly currentTree ├── mime-types@2.1.14
102 silly currentTree ├── mime@1.3.4
102 silly currentTree ├── moment-timezone@0.5.11
102 silly currentTree ├── moment@2.17.1
102 silly currentTree ├── ms@0.7.2
102 silly currentTree ├── negotiator@0.6.1
102 silly currentTree ├── on-finished@2.3.0
102 silly currentTree ├── parseurl@1.3.1
102 silly currentTree ├── path-to-regexp@0.1.7
102 silly currentTree ├── phaser@2.6.2
102 silly currentTree ├── proxy-addr@1.1.3
102 silly currentTree ├── pseudomap@1.0.2
102 silly currentTree ├── qs@6.2.1
102 silly currentTree ├── range-parser@1.2.0
102 silly currentTree ├── raw-body@2.2.0
102 silly currentTree ├── retry-as-promised@2.2.0
102 silly currentTree ├── semver@5.3.0
102 silly currentTree ├─┬ send@0.14.2
102 silly currentTree │ └─┬ debug@2.2.0
102 silly currentTree │   └── ms@0.7.1
102 silly currentTree ├── sequelize@3.30.2
102 silly currentTree ├── serve-static@1.11.2
102 silly currentTree ├── setprototypeof@1.0.2
102 silly currentTree ├── shimmer@1.1.0
102 silly currentTree ├── statuses@1.3.1
102 silly currentTree ├── terraformer-wkt-parser@1.1.2
102 silly currentTree ├── terraformer@1.0.7
102 silly currentTree ├── toposort-class@1.0.1
102 silly currentTree ├── type-is@1.6.14
102 silly currentTree ├── unpipe@1.0.0
102 silly currentTree ├── utils-merge@1.0.0
102 silly currentTree ├── uuid@3.0.1
102 silly currentTree ├── validator@5.7.0
102 silly currentTree ├── vary@1.1.0
102 silly currentTree ├── which@1.2.12
102 silly currentTree ├── wkx@0.2.0
102 silly currentTree └── yallist@2.0.0
103 silly idealTree bandwagoner@1.0.0
103 silly idealTree ├── accepts@1.3.3
103 silly idealTree ├── array-flatten@1.1.1
103 silly idealTree ├── bluebird@3.4.7
103 silly idealTree ├── body-parser@1.16.1
103 silly idealTree ├── bytes@2.4.0
103 silly idealTree ├── canvas@1.6.2
103 silly idealTree ├── content-disposition@0.5.2
103 silly idealTree ├── content-type@1.0.2
103 silly idealTree ├── cookie-signature@1.0.6
103 silly idealTree ├── cookie@0.3.1
103 silly idealTree ├── cross-env@3.1.4
103 silly idealTree ├── cross-spawn@3.0.1
103 silly idealTree ├── debug@2.6.1
103 silly idealTree ├── depd@1.1.0
103 silly idealTree ├── destroy@1.0.4
103 silly idealTree ├── dottie@1.1.1
103 silly idealTree ├── ee-first@1.1.1
103 silly idealTree ├── encodeurl@1.0.1
103 silly idealTree ├── escape-html@1.0.3
103 silly idealTree ├── etag@1.7.0
103 silly idealTree ├─┬ express@4.14.1
103 silly idealTree │ ├── debug@2.2.0
103 silly idealTree │ ├── ms@0.7.1
103 silly idealTree │ └── qs@6.2.0
103 silly idealTree ├─┬ finalhandler@0.5.1
103 silly idealTree │ ├── debug@2.2.0
103 silly idealTree │ └── ms@0.7.1
103 silly idealTree ├── forwarded@0.1.0
103 silly idealTree ├── fresh@0.3.0
103 silly idealTree ├── generic-pool@2.4.2
103 silly idealTree ├── http-errors@1.5.1
103 silly idealTree ├── iconv-lite@0.4.15
103 silly idealTree ├── inflection@1.12.0
103 silly idealTree ├── inherits@2.0.3
103 silly idealTree ├── ipaddr.js@1.2.0
103 silly idealTree ├── isexe@1.1.2
103 silly idealTree ├── lodash@4.12.0
103 silly idealTree ├── lru-cache@4.0.2
103 silly idealTree ├── media-typer@0.3.0
103 silly idealTree ├── merge-descriptors@1.0.1
103 silly idealTree ├─┬ method-override@2.3.7
103 silly idealTree │ └── debug@2.3.3
103 silly idealTree ├── methods@1.1.2
103 silly idealTree ├── mime-db@1.26.0
103 silly idealTree ├── mime-types@2.1.14
103 silly idealTree ├── mime@1.3.4
103 silly idealTree ├── moment-timezone@0.5.11
103 silly idealTree ├── moment@2.17.1
103 silly idealTree ├── ms@0.7.2
103 silly idealTree ├── nan@2.5.1
103 silly idealTree ├── negotiator@0.6.1
103 silly idealTree ├── on-finished@2.3.0
103 silly idealTree ├── parseurl@1.3.1
103 silly idealTree ├── path-to-regexp@0.1.7
103 silly idealTree ├── phaser@2.6.2
103 silly idealTree ├── proxy-addr@1.1.3
103 silly idealTree ├── pseudomap@1.0.2
103 silly idealTree ├── qs@6.2.1
103 silly idealTree ├── range-parser@1.2.0
103 silly idealTree ├── raw-body@2.2.0
103 silly idealTree ├── retry-as-promised@2.2.0
103 silly idealTree ├── semver@5.3.0
103 silly idealTree ├─┬ send@0.14.2
103 silly idealTree │ └─┬ debug@2.2.0
103 silly idealTree │   └── ms@0.7.1
103 silly idealTree ├── sequelize@3.30.2
103 silly idealTree ├── serve-static@1.11.2
103 silly idealTree ├── setprototypeof@1.0.2
103 silly idealTree ├── shimmer@1.1.0
103 silly idealTree ├── statuses@1.3.1
103 silly idealTree ├── terraformer-wkt-parser@1.1.2
103 silly idealTree ├── terraformer@1.0.7
103 silly idealTree ├── toposort-class@1.0.1
103 silly idealTree ├── type-is@1.6.14
103 silly idealTree ├── unpipe@1.0.0
103 silly idealTree ├── utils-merge@1.0.0
103 silly idealTree ├── uuid@3.0.1
103 silly idealTree ├── validator@5.7.0
103 silly idealTree ├── vary@1.1.0
103 silly idealTree ├── which@1.2.12
103 silly idealTree ├── wkx@0.2.0
103 silly idealTree └── yallist@2.0.0
104 silly generateActionsToTake Starting
105 silly install generateActionsToTake
106 silly generateActionsToTake Finishing
107 silly diffTrees action count 2
108 silly diffTrees add nan@2.5.1
109 silly diffTrees add canvas@1.6.2
110 silly decomposeActions action count 16
111 silly decomposeActions fetch nan@2.5.1
112 silly decomposeActions extract nan@2.5.1
113 silly decomposeActions test nan@2.5.1
114 silly decomposeActions preinstall nan@2.5.1
115 silly decomposeActions build nan@2.5.1
116 silly decomposeActions install nan@2.5.1
117 silly decomposeActions postinstall nan@2.5.1
118 silly decomposeActions finalize nan@2.5.1
119 silly decomposeActions fetch canvas@1.6.2
120 silly decomposeActions extract canvas@1.6.2
121 silly decomposeActions test canvas@1.6.2
122 silly decomposeActions preinstall canvas@1.6.2
123 silly decomposeActions build canvas@1.6.2
124 silly decomposeActions install canvas@1.6.2
125 silly decomposeActions postinstall canvas@1.6.2
126 silly decomposeActions finalize canvas@1.6.2
127 silly executeActions Starting
128 silly install executeActions
129 silly doSerial global-install 0
130 silly doParallel fetch 2
131 verbose correctMkdir /Users/Shivam/.npm/_locks correctMkdir not in flight; initializing
132 verbose lock using /Users/Shivam/.npm/_locks/staging-ca59877acd649436.lock for /Users/Shivam/Desktop/Project-Two/node_modules/.staging
133 silly doParallel extract 2
134 silly extract nan@2.5.1
135 silly extract canvas@1.6.2
136 verbose unbuild node_modules/.staging/nan-18201b6a
137 verbose unbuild node_modules/.staging/canvas-f06a253d
138 silly gentlyRm /Users/Shivam/Desktop/Project-Two/node_modules/.staging/nan-18201b6a is being purged from base /Users/Shivam/Desktop/Project-Two
139 verbose gentlyRm don't care about contents; nuking /Users/Shivam/Desktop/Project-Two/node_modules/.staging/nan-18201b6a
140 silly gentlyRm /Users/Shivam/Desktop/Project-Two/node_modules/.staging/canvas-f06a253d is being purged from base /Users/Shivam/Desktop/Project-Two
141 verbose gentlyRm don't care about contents; nuking /Users/Shivam/Desktop/Project-Two/node_modules/.staging/canvas-f06a253d
142 verbose tar unpack /Users/Shivam/.npm/nan/2.5.1/package.tgz
143 verbose tar unpacking to /Users/Shivam/Desktop/Project-Two/node_modules/.staging/nan-18201b6a
144 silly gentlyRm /Users/Shivam/Desktop/Project-Two/node_modules/.staging/nan-18201b6a is being purged
145 verbose gentlyRm don't care about contents; nuking /Users/Shivam/Desktop/Project-Two/node_modules/.staging/nan-18201b6a
146 verbose tar unpack /Users/Shivam/.npm/canvas/1.6.2/package.tgz
147 verbose tar unpacking to /Users/Shivam/Desktop/Project-Two/node_modules/.staging/canvas-f06a253d
148 silly gentlyRm /Users/Shivam/Desktop/Project-Two/node_modules/.staging/canvas-f06a253d is being purged
149 verbose gentlyRm don't care about contents; nuking /Users/Shivam/Desktop/Project-Two/node_modules/.staging/canvas-f06a253d
150 silly gunzTarPerm modes [ '755', '644' ]
151 silly gunzTarPerm modes [ '755', '644' ]
152 silly gunzTarPerm extractEntry package.json
153 silly gunzTarPerm modified mode [ 'package.json', 436, 420 ]
154 silly gunzTarPerm extractEntry package.json
155 silly gunzTarPerm extractEntry README.md
156 silly gunzTarPerm modified mode [ 'README.md', 436, 420 ]
157 silly gunzTarPerm extractEntry .npmignore
158 silly gunzTarPerm extractEntry index.js
159 silly gunzTarPerm extractEntry include_dirs.js
160 silly gunzTarPerm modified mode [ 'include_dirs.js', 436, 420 ]
161 silly gunzTarPerm extractEntry nan_converters.h
162 silly gunzTarPerm modified mode [ 'nan_converters.h', 436, 420 ]
163 silly gunzTarPerm extractEntry CHANGELOG.md
164 silly gunzTarPerm modified mode [ 'CHANGELOG.md', 436, 420 ]
165 silly gunzTarPerm extractEntry LICENSE.md
166 silly gunzTarPerm modified mode [ 'LICENSE.md', 436, 420 ]
167 silly gunzTarPerm extractEntry .travis.yml
168 silly gunzTarPerm extractEntry History.md
169 silly gunzTarPerm extractEntry doc/node_misc.md
170 silly gunzTarPerm modified mode [ 'doc/node_misc.md', 436, 420 ]
171 silly gunzTarPerm extractEntry Readme.md
172 silly gunzTarPerm extractEntry doc/asyncworker.md
173 silly gunzTarPerm modified mode [ 'doc/asyncworker.md', 436, 420 ]
174 silly gunzTarPerm extractEntry doc/callback.md
175 silly gunzTarPerm modified mode [ 'doc/callback.md', 436, 420 ]
176 silly gunzTarPerm extractEntry binding.gyp
177 silly gunzTarPerm extractEntry .github/ISSUE_TEMPLATE.md
178 silly gunzTarPerm extractEntry doc/converters.md
179 silly gunzTarPerm modified mode [ 'doc/converters.md', 436, 420 ]
180 silly gunzTarPerm extractEntry doc/errors.md
181 silly gunzTarPerm modified mode [ 'doc/errors.md', 436, 420 ]
182 silly gunzTarPerm extractEntry lib/bindings.js
183 silly gunzTarPerm extractEntry lib/canvas.js
184 silly gunzTarPerm extractEntry lib/context2d.js
185 silly gunzTarPerm extractEntry doc/maybe_types.md
186 silly gunzTarPerm modified mode [ 'doc/maybe_types.md', 436, 420 ]
187 silly gunzTarPerm extractEntry doc/methods.md
188 silly gunzTarPerm modified mode [ 'doc/methods.md', 436, 420 ]
189 silly gunzTarPerm extractEntry doc/new.md
190 silly gunzTarPerm modified mode [ 'doc/new.md', 436, 420 ]
191 silly gunzTarPerm extractEntry lib/image.js
192 silly gunzTarPerm extractEntry lib/jpegstream.js
193 silly gunzTarPerm extractEntry lib/pdfstream.js
194 silly gunzTarPerm extractEntry doc/buffers.md
195 silly gunzTarPerm modified mode [ 'doc/buffers.md', 436, 420 ]
196 silly gunzTarPerm extractEntry doc/object_wrappers.md
197 silly gunzTarPerm modified mode [ 'doc/object_wrappers.md', 436, 420 ]
198 silly gunzTarPerm extractEntry lib/pngstream.js
199 silly gunzTarPerm extractEntry src/Image.cc
200 silly gunzTarPerm extractEntry doc/persistent.md
201 silly gunzTarPerm modified mode [ 'doc/persistent.md', 436, 420 ]
202 silly gunzTarPerm extractEntry doc/scopes.md
203 silly gunzTarPerm modified mode [ 'doc/scopes.md', 436, 420 ]
204 silly gunzTarPerm extractEntry src/Canvas.cc
205 silly gunzTarPerm extractEntry src/CanvasGradient.cc
206 silly gunzTarPerm extractEntry doc/script.md
207 silly gunzTarPerm modified mode [ 'doc/script.md', 436, 420 ]
208 silly gunzTarPerm extractEntry doc/string_bytes.md
209 silly gunzTarPerm modified mode [ 'doc/string_bytes.md', 436, 420 ]
210 silly gunzTarPerm extractEntry src/CanvasGradient.h
211 silly gunzTarPerm extractEntry src/CanvasPattern.cc
212 silly gunzTarPerm extractEntry src/CanvasPattern.h
213 silly gunzTarPerm extractEntry src/CanvasRenderingContext2d.cc
214 silly gunzTarPerm extractEntry doc/v8_internals.md
215 silly gunzTarPerm modified mode [ 'doc/v8_internals.md', 436, 420 ]
216 silly gunzTarPerm extractEntry doc/v8_misc.md
217 silly gunzTarPerm modified mode [ 'doc/v8_misc.md', 436, 420 ]
218 silly gunzTarPerm extractEntry src/CanvasRenderingContext2d.h
219 silly gunzTarPerm extractEntry src/FontFace.cc
220 silly gunzTarPerm extractEntry nan.h
221 silly gunzTarPerm modified mode [ 'nan.h', 436, 420 ]
222 silly gunzTarPerm extractEntry nan_callbacks.h
223 silly gunzTarPerm modified mode [ 'nan_callbacks.h', 436, 420 ]
224 silly gunzTarPerm extractEntry src/FontFace.h
225 silly gunzTarPerm extractEntry src/Canvas.h
226 silly gunzTarPerm extractEntry nan_callbacks_12_inl.h
227 silly gunzTarPerm modified mode [ 'nan_callbacks_12_inl.h', 436, 420 ]
228 silly gunzTarPerm extractEntry nan_callbacks_pre_12_inl.h
229 silly gunzTarPerm modified mode [ 'nan_callbacks_pre_12_inl.h', 436, 420 ]
230 silly gunzTarPerm extractEntry src/Image.h
231 silly gunzTarPerm extractEntry src/ImageData.cc
232 silly gunzTarPerm extractEntry nan_converters_43_inl.h
233 silly gunzTarPerm modified mode [ 'nan_converters_43_inl.h', 436, 420 ]
234 silly gunzTarPerm extractEntry nan_converters_pre_43_inl.h
235 silly gunzTarPerm modified mode [ 'nan_converters_pre_43_inl.h', 436, 420 ]
236 silly gunzTarPerm extractEntry nan_implementation_12_inl.h
237 silly gunzTarPerm modified mode [ 'nan_implementation_12_inl.h', 436, 420 ]
238 silly gunzTarPerm extractEntry nan_implementation_pre_12_inl.h
239 silly gunzTarPerm modified mode [ 'nan_implementation_pre_12_inl.h', 436, 420 ]
240 silly gunzTarPerm extractEntry src/ImageData.h
241 silly gunzTarPerm extractEntry src/JPEGStream.h
242 silly gunzTarPerm extractEntry nan_maybe_43_inl.h
243 silly gunzTarPerm modified mode [ 'nan_maybe_43_inl.h', 436, 420 ]
244 silly gunzTarPerm extractEntry nan_maybe_pre_43_inl.h
245 silly gunzTarPerm modified mode [ 'nan_maybe_pre_43_inl.h', 436, 420 ]
246 silly gunzTarPerm extractEntry nan_new.h
247 silly gunzTarPerm modified mode [ 'nan_new.h', 436, 420 ]
248 silly gunzTarPerm extractEntry nan_object_wrap.h
249 silly gunzTarPerm modified mode [ 'nan_object_wrap.h', 436, 420 ]
250 silly gunzTarPerm extractEntry src/PNG.h
251 silly gunzTarPerm extractEntry src/Point.h
252 silly gunzTarPerm extractEntry src/closure.h
253 silly gunzTarPerm extractEntry src/color.cc
254 silly gunzTarPerm extractEntry src/color.h
255 silly gunzTarPerm extractEntry nan_persistent_12_inl.h
256 silly gunzTarPerm modified mode [ 'nan_persistent_12_inl.h', 436, 420 ]
257 silly gunzTarPerm extractEntry nan_persistent_pre_12_inl.h
258 silly gunzTarPerm modified mode [ 'nan_persistent_pre_12_inl.h', 436, 420 ]
259 silly gunzTarPerm extractEntry src/init.cc
260 silly gunzTarPerm extractEntry nan_private.h
261 silly gunzTarPerm modified mode [ 'nan_private.h', 436, 420 ]
262 silly gunzTarPerm extractEntry nan_string_bytes.h
263 silly gunzTarPerm modified mode [ 'nan_string_bytes.h', 436, 420 ]
264 silly gunzTarPerm extractEntry util/has_lib.sh
265 silly gunzTarPerm extractEntry nan_typedarray_contents.h
266 silly gunzTarPerm modified mode [ 'nan_typedarray_contents.h', 436, 420 ]
267 silly gunzTarPerm extractEntry nan_weak.h
268 silly gunzTarPerm modified mode [ 'nan_weak.h', 436, 420 ]
269 silly gunzTarPerm extractEntry tools/package.json
270 silly gunzTarPerm modified mode [ 'tools/package.json', 436, 420 ]
271 silly gunzTarPerm extractEntry tools/README.md
272 silly gunzTarPerm modified mode [ 'tools/README.md', 436, 420 ]
273 silly gunzTarPerm extractEntry tools/1to2.js
274 silly gunzTarPerm modified mode [ 'tools/1to2.js', 509, 493 ]
275 silly gentlyRm /Users/Shivam/Desktop/Project-Two/node_modules/.staging/canvas-f06a253d/node_modules is being purged
276 verbose gentlyRm don't care about contents; nuking /Users/Shivam/Desktop/Project-Two/node_modules/.staging/canvas-f06a253d/node_modules
277 silly gentlyRm /Users/Shivam/Desktop/Project-Two/node_modules/.staging/nan-18201b6a/node_modules is being purged
278 verbose gentlyRm don't care about contents; nuking /Users/Shivam/Desktop/Project-Two/node_modules/.staging/nan-18201b6a/node_modules
279 silly doParallel preinstall 2
280 silly preinstall nan@2.5.1 /Users/Shivam/Desktop/Project-Two/node_modules/.staging/nan-18201b6a
281 info lifecycle nan@2.5.1~preinstall: nan@2.5.1
282 silly preinstall canvas@1.6.2 /Users/Shivam/Desktop/Project-Two/node_modules/.staging/canvas-f06a253d
283 info lifecycle canvas@1.6.2~preinstall: canvas@1.6.2
284 silly lifecycle nan@2.5.1~preinstall: no script for preinstall, continuing
285 silly lifecycle canvas@1.6.2~preinstall: no script for preinstall, continuing
286 silly doReverseSerial remove 0
287 silly doSerial move 0
288 silly doSerial finalize 2
289 silly finalize /Users/Shivam/Desktop/Project-Two/node_modules/nan
290 silly finalize /Users/Shivam/Desktop/Project-Two/node_modules/canvas
291 silly doSerial build 2
292 silly build nan@2.5.1
293 info linkStuff nan@2.5.1
294 silly linkStuff nan@2.5.1 has /Users/Shivam/Desktop/Project-Two/node_modules as its parent node_modules
295 verbose linkBins nan@2.5.1
296 verbose linkMans nan@2.5.1
297 silly build canvas@1.6.2
298 info linkStuff canvas@1.6.2
299 silly linkStuff canvas@1.6.2 has /Users/Shivam/Desktop/Project-Two/node_modules as its parent node_modules
300 verbose linkBins canvas@1.6.2
301 verbose linkMans canvas@1.6.2
302 silly doSerial global-link 0
303 silly doParallel update-linked 0
304 silly doSerial install 2
305 silly install nan@2.5.1 /Users/Shivam/Desktop/Project-Two/node_modules/.staging/nan-18201b6a
306 info lifecycle nan@2.5.1~install: nan@2.5.1
307 silly lifecycle nan@2.5.1~install: no script for install, continuing
308 silly install canvas@1.6.2 /Users/Shivam/Desktop/Project-Two/node_modules/.staging/canvas-f06a253d
309 info lifecycle canvas@1.6.2~install: canvas@1.6.2
310 verbose lifecycle canvas@1.6.2~install: unsafe-perm in lifecycle true
311 verbose lifecycle canvas@1.6.2~install: PATH: /usr/local/lib/node_modules/npm/bin/node-gyp-bin:/Users/Shivam/Desktop/Project-Two/node_modules/canvas/node_modules/.bin:/Users/Shivam/Desktop/Project-Two/node_modules/.bin:/usr/local/Cellar/node/6.5.0/bin:/usr/local/bin:/usr/bin:/bin:/usr/sbin:/sbin
312 verbose lifecycle canvas@1.6.2~install: CWD: /Users/Shivam/Desktop/Project-Two/node_modules/canvas
313 silly lifecycle canvas@1.6.2~install: Args: [ '-c', 'node-gyp rebuild' ]
314 silly lifecycle canvas@1.6.2~install: Returned: code: 1  signal: null
315 info lifecycle canvas@1.6.2~install: Failed to exec install script
316 verbose unlock done using /Users/Shivam/.npm/_locks/staging-ca59877acd649436.lock for /Users/Shivam/Desktop/Project-Two/node_modules/.staging
317 silly rollbackFailedOptional Starting
318 silly rollbackFailedOptional Finishing
319 silly runTopLevelLifecycles Starting
320 silly runTopLevelLifecycles Finishing
321 silly install printInstalled
322 verbose stack Error: canvas@1.6.2 install: `node-gyp rebuild`
322 verbose stack Exit status 1
322 verbose stack     at EventEmitter.<anonymous> (/usr/local/lib/node_modules/npm/lib/utils/lifecycle.js:242:16)
322 verbose stack     at emitTwo (events.js:106:13)
322 verbose stack     at EventEmitter.emit (events.js:191:7)
322 verbose stack     at ChildProcess.<anonymous> (/usr/local/lib/node_modules/npm/lib/utils/spawn.js:40:14)
322 verbose stack     at emitTwo (events.js:106:13)
322 verbose stack     at ChildProcess.emit (events.js:191:7)
322 verbose stack     at maybeClose (internal/child_process.js:877:16)
322 verbose stack     at Process.ChildProcess._handle.onexit (internal/child_process.js:226:5)
323 verbose pkgid canvas@1.6.2
324 verbose cwd /Users/Shivam/Desktop/Project-Two
325 error Darwin 14.5.0
326 error argv "/usr/local/Cellar/node/6.5.0/bin/node" "/usr/local/bin/npm" "install" "canvas" "--save"
327 error node v6.5.0
328 error npm  v3.10.3
329 error code ELIFECYCLE
330 error canvas@1.6.2 install: `node-gyp rebuild`
330 error Exit status 1
331 error Failed at the canvas@1.6.2 install script 'node-gyp rebuild'.
331 error Make sure you have the latest version of node.js and npm installed.
331 error If you do, this is most likely a problem with the canvas package,
331 error not with npm itself.
331 error Tell the author that this fails on your system:
331 error     node-gyp rebuild
331 error You can get information on how to open an issue for this project with:
331 error     npm bugs canvas
331 error Or if that isn't available, you can get their info via:
331 error     npm owner ls canvas
331 error There is likely additional logging output above.
332 verbose exit [ 1, true ]
